<?xml version="1.0" encoding="UTF-8"?>
<!-- Generated by org.testng.reporters.JUnitXMLReporter -->
<testsuite hostname="Bala-Pavan" ignored="2" name="Method Test Cases" tests="1" failures="0" timestamp="30 Dec 2019 17:19:51 GMT" time="4.619" errors="0">
  <testcase name="GSearch" time="4.303" classname="running_TestNG_Scripts.Sterams_UCC"/>
  <testcase name="@BeforeSuite BeforeSuite" time="0.0" classname="config.Browser_Initiation">
    <ignored/>
  </testcase> <!-- @BeforeSuite BeforeSuite -->
  <testcase name="@AfterSuite EndSute" time="0.0" classname="config.Browser_Initiation">
    <ignored/>
  </testcase> <!-- @AfterSuite EndSute -->
</testsuite> <!-- Method Test Cases -->
