<?xml version="1.0" encoding="UTF-8"?>
<!-- Generated by org.testng.reporters.JUnitXMLReporter -->
<testsuite hostname="Bala-Pavan" ignored="3" name="Method Test Cases" tests="1" failures="0" timestamp="08 Jan 2019 16:11:01 GMT" time="4.066" errors="0">
  <testcase name="Login" time="3.505" classname="running_TestNG_Scripts.Sterams_UCC"/>
  <testcase name="@BeforeSuite beforeSuite" time="0.0" classname="config.Browser_Initiation">
    <ignored/>
  </testcase> <!-- @BeforeSuite beforeSuite -->
  <testcase name="@AfterSuite afterSuite" time="0.0" classname="config.Browser_Initiation">
    <ignored/>
  </testcase> <!-- @AfterSuite afterSuite -->
  <testcase name="Message_Validation" time="0.0" classname="running_TestNG_Scripts.Sterams_UCC">
    <ignored/>
  </testcase> <!-- Message_Validation -->
</testsuite> <!-- Method Test Cases -->
