<?xml version="1.0" encoding="UTF-8"?>
<!-- Generated by org.testng.reporters.JUnitXMLReporter -->
<testsuite hostname="Bala-Pavan" ignored="0" name="Default test" tests="6" failures="0" timestamp="23 Jul 2019 18:05:18 GMT" time="0.079" errors="0">
  <testcase name="G1" time="0.006" classname="travelCity.com.TestNG"/>
  <testcase name="G2" time="0.003" classname="travelCity.com.TestNG"/>
  <testcase name="G3" time="0.002" classname="travelCity.com.TestNG"/>
  <testcase name="G4" time="0.002" classname="travelCity.com.TestNG"/>
  <testcase name="meth10" time="0.002" classname="travelCity.com.TestNG"/>
  <testcase name="meth9" time="0.003" classname="travelCity.com.TestNG"/>
</testsuite> <!-- Default test -->
