<?xml version="1.0" encoding="UTF-8"?>
<!-- Generated by org.testng.reporters.JUnitXMLReporter -->
<testsuite hostname="Bala-Pavan" ignored="1" name="Test" tests="2" failures="0" timestamp="23 Jul 2019 18:23:16 GMT" time="0.071" errors="0">
  <testcase name="G1" time="0.015" classname="travelCity.com.TestNG"/>
  <testcase name="G11" time="0.003" classname="travelCity.com.TestNG"/>
  <testcase name="Groups" time="0.0" classname="travelCity.com.TestNG">
    <ignored/>
  </testcase> <!-- Groups -->
</testsuite> <!-- Test -->
