<?xml version="1.0" encoding="UTF-8"?>
<testng-results skipped="0" failed="0" ignored="2" total="3" passed="1">
  <reporter-output>
  </reporter-output>
  <suite name="Streams UCC" duration-ms="4619" started-at="2019-12-30T17:19:46Z" finished-at="2019-12-30T17:19:51Z">
    <groups>
    </groups>
    <test name="Method Test Cases" duration-ms="4619" started-at="2019-12-30T17:19:46Z" finished-at="2019-12-30T17:19:51Z">
      <class name="running_TestNG_Scripts.Sterams_UCC">
        <test-method status="PASS" signature="GSearch()[pri:1, instance:running_TestNG_Scripts.Sterams_UCC@1e88b3c]" name="GSearch" duration-ms="4303" started-at="2019-12-30T22:49:47Z" finished-at="2019-12-30T22:49:51Z">
          <reporter-output>
          </reporter-output>
        </test-method> <!-- GSearch -->
        <test-method status="PASS" signature="WriteHTML_and_SetScriptsCount()[pri:0, instance:running_TestNG_Scripts.Sterams_UCC@1e88b3c]" name="WriteHTML_and_SetScriptsCount" is-config="true" duration-ms="22" started-at="2019-12-30T22:49:51Z" finished-at="2019-12-30T22:49:51Z">
          <reporter-output>
          </reporter-output>
        </test-method> <!-- WriteHTML_and_SetScriptsCount -->
      </class> <!-- running_TestNG_Scripts.Sterams_UCC -->
      <class name="config.Browser_Initiation">
        <test-method status="PASS" signature="BeforeSuite()[pri:0, instance:config.Browser_Initiation@77caeb3e]" name="BeforeSuite" is-config="true" duration-ms="8972" started-at="2019-12-30T22:49:37Z" finished-at="2019-12-30T22:49:46Z">
          <reporter-output>
          </reporter-output>
        </test-method> <!-- BeforeSuite -->
        <test-method status="PASS" signature="EndSute()[pri:0, instance:config.Browser_Initiation@77caeb3e]" name="EndSute" is-config="true" duration-ms="5622" started-at="2019-12-30T22:49:52Z" finished-at="2019-12-30T22:49:58Z">
          <reporter-output>
          </reporter-output>
        </test-method> <!-- EndSute -->
      </class> <!-- config.Browser_Initiation -->
    </test> <!-- Method Test Cases -->
  </suite> <!-- Streams UCC -->
</testng-results>
